Start testing: Aug 12 17:00 KST
----------------------------------------------------------
1/8 Testing: RollingVwap full window
1/8 Test: RollingVwap full window
Command: "/Users/minhyukbhang/Desktop/orderbook-cpp/build/ob_tests" "RollingVwap full window"
Directory: /Users/minhyukbhang/Desktop/orderbook-cpp/build
"RollingVwap full window" start time: Aug 12 17:00 KST
Output:
----------------------------------------------------------
Filters: "RollingVwap full window"
Randomness seeded to: 535677250
===============================================================================
All tests passed (2 assertions in 1 test case)

<end of output>
Test time =   0.00 sec
----------------------------------------------------------
Test Passed.
"RollingVwap full window" end time: Aug 12 17:00 KST
"RollingVwap full window" time elapsed: 00:00:00
----------------------------------------------------------

2/8 Testing: RollingVwap rejects zero window
2/8 Test: RollingVwap rejects zero window
Command: "/Users/minhyukbhang/Desktop/orderbook-cpp/build/ob_tests" "RollingVwap rejects zero window"
Directory: /Users/minhyukbhang/Desktop/orderbook-cpp/build
"RollingVwap rejects zero window" start time: Aug 12 17:00 KST
Output:
----------------------------------------------------------
Filters: "RollingVwap rejects zero window"
Randomness seeded to: 2602085038
===============================================================================
All tests passed (1 assertion in 1 test case)

<end of output>
Test time =   0.00 sec
----------------------------------------------------------
Test Passed.
"RollingVwap rejects zero window" end time: Aug 12 17:00 KST
"RollingVwap rejects zero window" time elapsed: 00:00:00
----------------------------------------------------------

3/8 Testing: Window eviction
3/8 Test: Window eviction
Command: "/Users/minhyukbhang/Desktop/orderbook-cpp/build/ob_tests" "Window eviction"
Directory: /Users/minhyukbhang/Desktop/orderbook-cpp/build
"Window eviction" start time: Aug 12 17:00 KST
Output:
----------------------------------------------------------
Filters: "Window eviction"
Randomness seeded to: 2752343775
===============================================================================
All tests passed (2 assertions in 1 test case)

<end of output>
Test time =   0.00 sec
----------------------------------------------------------
Test Passed.
"Window eviction" end time: Aug 12 17:00 KST
"Window eviction" time elapsed: 00:00:00
----------------------------------------------------------

4/8 Testing: Partial window
4/8 Test: Partial window
Command: "/Users/minhyukbhang/Desktop/orderbook-cpp/build/ob_tests" "Partial window"
Directory: /Users/minhyukbhang/Desktop/orderbook-cpp/build
"Partial window" start time: Aug 12 17:00 KST
Output:
----------------------------------------------------------
Filters: "Partial window"
Randomness seeded to: 1078840637
===============================================================================
All tests passed (2 assertions in 1 test case)

<end of output>
Test time =   0.00 sec
----------------------------------------------------------
Test Passed.
"Partial window" end time: Aug 12 17:00 KST
"Partial window" time elapsed: 00:00:00
----------------------------------------------------------

5/8 Testing: RunningExtremes tracks session high and low
5/8 Test: RunningExtremes tracks session high and low
Command: "/Users/minhyukbhang/Desktop/orderbook-cpp/build/ob_tests" "RunningExtremes tracks session high and low"
Directory: /Users/minhyukbhang/Desktop/orderbook-cpp/build
"RunningExtremes tracks session high and low" start time: Aug 12 17:00 KST
Output:
----------------------------------------------------------
Filters: "RunningExtremes tracks session high and low"
Randomness seeded to: 3628911818
===============================================================================
All tests passed (2 assertions in 1 test case)

<end of output>
Test time =   0.00 sec
----------------------------------------------------------
Test Passed.
"RunningExtremes tracks session high and low" end time: Aug 12 17:00 KST
"RunningExtremes tracks session high and low" time elapsed: 00:00:00
----------------------------------------------------------

6/8 Testing: RunningExtremes distanceFrom*
6/8 Test: RunningExtremes distanceFrom*
Command: "/Users/minhyukbhang/Desktop/orderbook-cpp/build/ob_tests" "RunningExtremes distanceFrom*"
Directory: /Users/minhyukbhang/Desktop/orderbook-cpp/build
"RunningExtremes distanceFrom*" start time: Aug 12 17:00 KST
Output:
----------------------------------------------------------
Filters: "RunningExtremes distanceFrom*"
Randomness seeded to: 18912954
===============================================================================
All tests passed (2 assertions in 1 test case)

<end of output>
Test time =   0.00 sec
----------------------------------------------------------
Test Passed.
"RunningExtremes distanceFrom*" end time: Aug 12 17:00 KST
"RunningExtremes distanceFrom*" time elapsed: 00:00:00
----------------------------------------------------------

7/8 Testing: RunningExtremes reset clears state
7/8 Test: RunningExtremes reset clears state
Command: "/Users/minhyukbhang/Desktop/orderbook-cpp/build/ob_tests" "RunningExtremes reset clears state"
Directory: /Users/minhyukbhang/Desktop/orderbook-cpp/build
"RunningExtremes reset clears state" start time: Aug 12 17:00 KST
Output:
----------------------------------------------------------
Filters: "RunningExtremes reset clears state"
Randomness seeded to: 1029391781
===============================================================================
All tests passed (2 assertions in 1 test case)

<end of output>
Test time =   0.00 sec
----------------------------------------------------------
Test Passed.
"RunningExtremes reset clears state" end time: Aug 12 17:00 KST
"RunningExtremes reset clears state" time elapsed: 00:00:00
----------------------------------------------------------

8/8 Testing: RunningExtremes handling zero range
8/8 Test: RunningExtremes handling zero range
Command: "/Users/minhyukbhang/Desktop/orderbook-cpp/build/ob_tests" "RunningExtremes handling zero range"
Directory: /Users/minhyukbhang/Desktop/orderbook-cpp/build
"RunningExtremes handling zero range" start time: Aug 12 17:00 KST
Output:
----------------------------------------------------------
Filters: "RunningExtremes handling zero range"
Randomness seeded to: 1744605800
===============================================================================
All tests passed (2 assertions in 1 test case)

<end of output>
Test time =   0.00 sec
----------------------------------------------------------
Test Passed.
"RunningExtremes handling zero range" end time: Aug 12 17:00 KST
"RunningExtremes handling zero range" time elapsed: 00:00:00
----------------------------------------------------------

End testing: Aug 12 17:00 KST
