Start testing: Aug 11 16:00 KST
----------------------------------------------------------
1/5 Testing: RollingVwap full window
1/5 Test: RollingVwap full window
Command: "/Users/minhyukbhang/Desktop/orderbook-cpp/build/ob_tests" "RollingVwap full window"
Directory: /Users/minhyukbhang/Desktop/orderbook-cpp/build
"RollingVwap full window" start time: Aug 11 16:00 KST
Output:
----------------------------------------------------------
Filters: "RollingVwap full window"
Randomness seeded to: 1242285155
===============================================================================
All tests passed (2 assertions in 1 test case)

<end of output>
Test time =   0.00 sec
----------------------------------------------------------
Test Passed.
"RollingVwap full window" end time: Aug 11 16:00 KST
"RollingVwap full window" time elapsed: 00:00:00
----------------------------------------------------------

2/5 Testing: RollingVwap rejects zero window
2/5 Test: RollingVwap rejects zero window
Command: "/Users/minhyukbhang/Desktop/orderbook-cpp/build/ob_tests" "RollingVwap rejects zero window"
Directory: /Users/minhyukbhang/Desktop/orderbook-cpp/build
"RollingVwap rejects zero window" start time: Aug 11 16:00 KST
Output:
----------------------------------------------------------
Filters: "RollingVwap rejects zero window"
Randomness seeded to: 2947324680
===============================================================================
All tests passed (1 assertion in 1 test case)

<end of output>
Test time =   0.00 sec
----------------------------------------------------------
Test Passed.
"RollingVwap rejects zero window" end time: Aug 11 16:00 KST
"RollingVwap rejects zero window" time elapsed: 00:00:00
----------------------------------------------------------

3/5 Testing: Window eviction
3/5 Test: Window eviction
Command: "/Users/minhyukbhang/Desktop/orderbook-cpp/build/ob_tests" "Window eviction"
Directory: /Users/minhyukbhang/Desktop/orderbook-cpp/build
"Window eviction" start time: Aug 11 16:00 KST
Output:
----------------------------------------------------------
Filters: "Window eviction"
Randomness seeded to: 839406935
===============================================================================
All tests passed (2 assertions in 1 test case)

<end of output>
Test time =   0.00 sec
----------------------------------------------------------
Test Passed.
"Window eviction" end time: Aug 11 16:00 KST
"Window eviction" time elapsed: 00:00:00
----------------------------------------------------------

4/5 Testing: Partial window
4/5 Test: Partial window
Command: "/Users/minhyukbhang/Desktop/orderbook-cpp/build/ob_tests" "Partial window"
Directory: /Users/minhyukbhang/Desktop/orderbook-cpp/build
"Partial window" start time: Aug 11 16:00 KST
Output:
----------------------------------------------------------
Filters: "Partial window"
Randomness seeded to: 3279845501
===============================================================================
All tests passed (2 assertions in 1 test case)

<end of output>
Test time =   0.00 sec
----------------------------------------------------------
Test Passed.
"Partial window" end time: Aug 11 16:00 KST
"Partial window" time elapsed: 00:00:00
----------------------------------------------------------

5/5 Testing: RunningExtremes tracks session high and low
5/5 Test: RunningExtremes tracks session high and low
Command: "/Users/minhyukbhang/Desktop/orderbook-cpp/build/ob_tests" "RunningExtremes tracks session high and low"
Directory: /Users/minhyukbhang/Desktop/orderbook-cpp/build
"RunningExtremes tracks session high and low" start time: Aug 11 16:00 KST
Output:
----------------------------------------------------------
Filters: "RunningExtremes tracks session high and low"
Randomness seeded to: 2877219379

~~~~~~~~~~~~~~~~~~~~~~~~~~~~~~~~~~~~~~~~~~~~~~~~~~~~~~~~~~~~~~~~~~~~~~~~~~~~~~~
ob_tests is a Catch2 v3.5.2 host application.
Run with -? for options

-------------------------------------------------------------------------------
RunningExtremes tracks session high and low
-------------------------------------------------------------------------------
/Users/minhyukbhang/Desktop/orderbook-cpp/tests/test_extremes.cpp:8
...............................................................................

/Users/minhyukbhang/Desktop/orderbook-cpp/tests/test_extremes.cpp:8: FAILED:
due to unexpected exception with message:
  RunningExtremes::push not implemented

===============================================================================
test cases: 1 | 1 failed
assertions: 1 | 1 failed

<end of output>
Test time =   0.00 sec
----------------------------------------------------------
Test Failed.
"RunningExtremes tracks session high and low" end time: Aug 11 16:00 KST
"RunningExtremes tracks session high and low" time elapsed: 00:00:00
----------------------------------------------------------

End testing: Aug 11 16:00 KST
